::1 - - [Sat, 08 May 2021 10:20:47 GMT] "GET /users/signout HTTP/1.1" 302 46 "http://localhost:8001/" "Mozilla/5.0 (Macintosh; Intel Mac OS X 10_15_7) AppleWebKit/537.36 (KHTML, like Gecko) Chrome/90.0.4430.93 Safari/537.36"
::1 - - [Sat, 08 May 2021 10:20:47 GMT] "GET / HTTP/1.1" 304 - "http://localhost:8001/" "Mozilla/5.0 (Macintosh; Intel Mac OS X 10_15_7) AppleWebKit/537.36 (KHTML, like Gecko) Chrome/90.0.4430.93 Safari/537.36"
::1 - - [Sat, 08 May 2021 10:20:49 GMT] "GET /users/signout HTTP/1.1" 302 46 "http://localhost:8001/" "Mozilla/5.0 (Macintosh; Intel Mac OS X 10_15_7) AppleWebKit/537.36 (KHTML, like Gecko) Chrome/90.0.4430.93 Safari/537.36"
::1 - - [Sat, 08 May 2021 10:20:49 GMT] "GET / HTTP/1.1" 200 3949 "http://localhost:8001/" "Mozilla/5.0 (Macintosh; Intel Mac OS X 10_15_7) AppleWebKit/537.36 (KHTML, like Gecko) Chrome/90.0.4430.93 Safari/537.36"
::1 - - [Sat, 08 May 2021 10:21:16 GMT] "GET / HTTP/1.1" 200 3685 "http://localhost:8001/" "Mozilla/5.0 (Macintosh; Intel Mac OS X 10_15_7) AppleWebKit/537.36 (KHTML, like Gecko) Chrome/90.0.4430.93 Safari/537.36"
::1 - - [Sat, 08 May 2021 10:21:19 GMT] "GET /users/signin HTTP/1.1" 200 1567 "http://localhost:8001/" "Mozilla/5.0 (Macintosh; Intel Mac OS X 10_15_7) AppleWebKit/537.36 (KHTML, like Gecko) Chrome/90.0.4430.93 Safari/537.36"
::1 - - [Sat, 08 May 2021 10:21:37 GMT] "POST /users/createSession HTTP/1.1" 302 46 "http://localhost:8001/users/signin" "Mozilla/5.0 (Macintosh; Intel Mac OS X 10_15_7) AppleWebKit/537.36 (KHTML, like Gecko) Chrome/90.0.4430.93 Safari/537.36"
::1 - - [Sat, 08 May 2021 10:21:37 GMT] "GET / HTTP/1.1" 200 5999 "http://localhost:8001/users/signin" "Mozilla/5.0 (Macintosh; Intel Mac OS X 10_15_7) AppleWebKit/537.36 (KHTML, like Gecko) Chrome/90.0.4430.93 Safari/537.36"
::1 - - [Sat, 08 May 2021 10:21:50 GMT] "POST /comments/create HTTP/1.1" 200 313 "http://localhost:8001/" "Mozilla/5.0 (Macintosh; Intel Mac OS X 10_15_7) AppleWebKit/537.36 (KHTML, like Gecko) Chrome/90.0.4430.93 Safari/537.36"
::1 - - [Sat, 08 May 2021 10:21:55 GMT] "GET / HTTP/1.1" 200 6344 "http://localhost:8001/users/signin" "Mozilla/5.0 (Macintosh; Intel Mac OS X 10_15_7) AppleWebKit/537.36 (KHTML, like Gecko) Chrome/90.0.4430.93 Safari/537.36"
::1 - - [Sat, 08 May 2021 10:22:01 GMT] "GET /comments/destroy/6096663ed89440086412df64 HTTP/1.1" 200 75 "http://localhost:8001/" "Mozilla/5.0 (Macintosh; Intel Mac OS X 10_15_7) AppleWebKit/537.36 (KHTML, like Gecko) Chrome/90.0.4430.93 Safari/537.36"
::1 - - [Sat, 08 May 2021 10:22:07 GMT] "GET / HTTP/1.1" 200 5993 "http://localhost:8001/users/signin" "Mozilla/5.0 (Macintosh; Intel Mac OS X 10_15_7) AppleWebKit/537.36 (KHTML, like Gecko) Chrome/90.0.4430.93 Safari/537.36"
::1 - - [Sat, 08 May 2021 10:22:13 GMT] "POST /likes/toggle?id=60956ab14a008024d6c407c8&type=Comment HTTP/1.1" 200 57 "http://localhost:8001/" "Mozilla/5.0 (Macintosh; Intel Mac OS X 10_15_7) AppleWebKit/537.36 (KHTML, like Gecko) Chrome/90.0.4430.93 Safari/537.36"
::1 - - [Sat, 08 May 2021 10:22:18 GMT] "POST /likes/toggle?id=60956ab14a008024d6c407c8&type=Comment HTTP/1.1" 200 56 "http://localhost:8001/" "Mozilla/5.0 (Macintosh; Intel Mac OS X 10_15_7) AppleWebKit/537.36 (KHTML, like Gecko) Chrome/90.0.4430.93 Safari/537.36"
::1 - - [Sat, 08 May 2021 10:22:36 GMT] "POST /likes/toggle?id=60956ab14a008024d6c407c8&type=Comment HTTP/1.1" 200 57 "http://localhost:8001/" "Mozilla/5.0 (Macintosh; Intel Mac OS X 10_15_7) AppleWebKit/537.36 (KHTML, like Gecko) Chrome/90.0.4430.93 Safari/537.36"
::1 - - [Sat, 08 May 2021 10:22:39 GMT] "POST /likes/toggle?id=60956ab14a008024d6c407c8&type=Comment HTTP/1.1" 200 56 "http://localhost:8001/" "Mozilla/5.0 (Macintosh; Intel Mac OS X 10_15_7) AppleWebKit/537.36 (KHTML, like Gecko) Chrome/90.0.4430.93 Safari/537.36"
::1 - - [Sat, 08 May 2021 10:22:42 GMT] "POST /likes/toggle?id=60956a924a008024d6c407c6&type=Comment HTTP/1.1" 200 57 "http://localhost:8001/" "Mozilla/5.0 (Macintosh; Intel Mac OS X 10_15_7) AppleWebKit/537.36 (KHTML, like Gecko) Chrome/90.0.4430.93 Safari/537.36"
::1 - - [Mon, 10 May 2021 09:19:46 GMT] "GET /users/profile/605591cf7f87e604b6286574 HTTP/1.1" 302 70 "http://localhost:8001/" "Mozilla/5.0 (Macintosh; Intel Mac OS X 10_15_7) AppleWebKit/537.36 (KHTML, like Gecko) Chrome/90.0.4430.93 Safari/537.36"
::1 - - [Mon, 10 May 2021 09:19:46 GMT] "GET /users/signin HTTP/1.1" 200 1567 "http://localhost:8001/" "Mozilla/5.0 (Macintosh; Intel Mac OS X 10_15_7) AppleWebKit/537.36 (KHTML, like Gecko) Chrome/90.0.4430.93 Safari/537.36"
::1 - - [Mon, 10 May 2021 09:19:48 GMT] "GET /users/signin HTTP/1.1" 304 - "http://localhost:8001/users/signin" "Mozilla/5.0 (Macintosh; Intel Mac OS X 10_15_7) AppleWebKit/537.36 (KHTML, like Gecko) Chrome/90.0.4430.93 Safari/537.36"
::1 - - [Mon, 10 May 2021 09:19:50 GMT] "GET /users/signin HTTP/1.1" 304 - "http://localhost:8001/users/signin" "Mozilla/5.0 (Macintosh; Intel Mac OS X 10_15_7) AppleWebKit/537.36 (KHTML, like Gecko) Chrome/90.0.4430.93 Safari/537.36"
::1 - - [Mon, 10 May 2021 09:19:55 GMT] "POST /users/createSession HTTP/1.1" 302 46 "http://localhost:8001/users/signin" "Mozilla/5.0 (Macintosh; Intel Mac OS X 10_15_7) AppleWebKit/537.36 (KHTML, like Gecko) Chrome/90.0.4430.93 Safari/537.36"
::1 - - [Mon, 10 May 2021 09:19:55 GMT] "GET / HTTP/1.1" 200 9337 "http://localhost:8001/users/signin" "Mozilla/5.0 (Macintosh; Intel Mac OS X 10_15_7) AppleWebKit/537.36 (KHTML, like Gecko) Chrome/90.0.4430.93 Safari/537.36"
::1 - - [Mon, 10 May 2021 09:44:57 GMT] "GET / HTTP/1.1" 200 9071 "http://localhost:8001/users/signin" "Mozilla/5.0 (Macintosh; Intel Mac OS X 10_15_7) AppleWebKit/537.36 (KHTML, like Gecko) Chrome/90.0.4430.93 Safari/537.36"
::1 - - [Mon, 10 May 2021 09:44:59 GMT] "GET /users/signout HTTP/1.1" 302 46 "http://localhost:8001/" "Mozilla/5.0 (Macintosh; Intel Mac OS X 10_15_7) AppleWebKit/537.36 (KHTML, like Gecko) Chrome/90.0.4430.93 Safari/537.36"
::1 - - [Mon, 10 May 2021 09:44:59 GMT] "GET / HTTP/1.1" 200 5885 "http://localhost:8001/" "Mozilla/5.0 (Macintosh; Intel Mac OS X 10_15_7) AppleWebKit/537.36 (KHTML, like Gecko) Chrome/90.0.4430.93 Safari/537.36"
::1 - - [Mon, 10 May 2021 09:45:01 GMT] "GET /users/signin HTTP/1.1" 304 - "http://localhost:8001/" "Mozilla/5.0 (Macintosh; Intel Mac OS X 10_15_7) AppleWebKit/537.36 (KHTML, like Gecko) Chrome/90.0.4430.93 Safari/537.36"
::1 - - [Mon, 10 May 2021 09:50:37 GMT] "GET /users/signin HTTP/1.1" 200 1564 "http://localhost:8001/" "Mozilla/5.0 (Macintosh; Intel Mac OS X 10_15_7) AppleWebKit/537.36 (KHTML, like Gecko) Chrome/90.0.4430.93 Safari/537.36"
::1 - - [Mon, 10 May 2021 09:50:37 GMT] "GET /users/css/style.css HTTP/1.1" 404 158 "http://localhost:8001/users/signin" "Mozilla/5.0 (Macintosh; Intel Mac OS X 10_15_7) AppleWebKit/537.36 (KHTML, like Gecko) Chrome/90.0.4430.93 Safari/537.36"
::1 - - [Mon, 10 May 2021 09:50:37 GMT] "GET /users/css/header.css HTTP/1.1" 404 159 "http://localhost:8001/users/signin" "Mozilla/5.0 (Macintosh; Intel Mac OS X 10_15_7) AppleWebKit/537.36 (KHTML, like Gecko) Chrome/90.0.4430.93 Safari/537.36"
::1 - - [Mon, 10 May 2021 09:50:37 GMT] "GET /users/css/footer.css HTTP/1.1" 404 159 "http://localhost:8001/users/signin" "Mozilla/5.0 (Macintosh; Intel Mac OS X 10_15_7) AppleWebKit/537.36 (KHTML, like Gecko) Chrome/90.0.4430.93 Safari/537.36"
::1 - - [Mon, 10 May 2021 09:50:45 GMT] "POST /users/createSession HTTP/1.1" 302 46 "http://localhost:8001/users/signin" "Mozilla/5.0 (Macintosh; Intel Mac OS X 10_15_7) AppleWebKit/537.36 (KHTML, like Gecko) Chrome/90.0.4430.93 Safari/537.36"
::1 - - [Mon, 10 May 2021 09:50:45 GMT] "GET / HTTP/1.1" 200 9329 "http://localhost:8001/users/signin" "Mozilla/5.0 (Macintosh; Intel Mac OS X 10_15_7) AppleWebKit/537.36 (KHTML, like Gecko) Chrome/90.0.4430.93 Safari/537.36"
::1 - - [Mon, 10 May 2021 09:50:53 GMT] "GET /users/profile/6052218236aafb2377be8d40 HTTP/1.1" 200 1402 "http://localhost:8001/" "Mozilla/5.0 (Macintosh; Intel Mac OS X 10_15_7) AppleWebKit/537.36 (KHTML, like Gecko) Chrome/90.0.4430.93 Safari/537.36"
::1 - - [Mon, 10 May 2021 09:50:53 GMT] "GET /users/profile/css/header.css HTTP/1.1" 404 167 "http://localhost:8001/users/profile/6052218236aafb2377be8d40" "Mozilla/5.0 (Macintosh; Intel Mac OS X 10_15_7) AppleWebKit/537.36 (KHTML, like Gecko) Chrome/90.0.4430.93 Safari/537.36"
::1 - - [Mon, 10 May 2021 09:50:53 GMT] "GET /users/profile/css/style.css HTTP/1.1" 404 166 "http://localhost:8001/users/profile/6052218236aafb2377be8d40" "Mozilla/5.0 (Macintosh; Intel Mac OS X 10_15_7) AppleWebKit/537.36 (KHTML, like Gecko) Chrome/90.0.4430.93 Safari/537.36"
::1 - - [Mon, 10 May 2021 09:50:53 GMT] "GET /users/profile/css/footer.css HTTP/1.1" 404 167 "http://localhost:8001/users/profile/6052218236aafb2377be8d40" "Mozilla/5.0 (Macintosh; Intel Mac OS X 10_15_7) AppleWebKit/537.36 (KHTML, like Gecko) Chrome/90.0.4430.93 Safari/537.36"
::1 - - [Mon, 10 May 2021 09:50:53 GMT] "GET /uploads/users/avatars/avatar-1617540467431 HTTP/1.1" 404 181 "http://localhost:8001/users/profile/6052218236aafb2377be8d40" "Mozilla/5.0 (Macintosh; Intel Mac OS X 10_15_7) AppleWebKit/537.36 (KHTML, like Gecko) Chrome/90.0.4430.93 Safari/537.36"
::1 - - [Mon, 10 May 2021 09:50:56 GMT] "GET /users/signout HTTP/1.1" 302 46 "http://localhost:8001/" "Mozilla/5.0 (Macintosh; Intel Mac OS X 10_15_7) AppleWebKit/537.36 (KHTML, like Gecko) Chrome/90.0.4430.93 Safari/537.36"
::1 - - [Mon, 10 May 2021 09:50:56 GMT] "GET / HTTP/1.1" 200 5877 "http://localhost:8001/" "Mozilla/5.0 (Macintosh; Intel Mac OS X 10_15_7) AppleWebKit/537.36 (KHTML, like Gecko) Chrome/90.0.4430.93 Safari/537.36"
::1 - - [Mon, 10 May 2021 09:51:00 GMT] "GET /users/signin HTTP/1.1" 304 - "http://localhost:8001/" "Mozilla/5.0 (Macintosh; Intel Mac OS X 10_15_7) AppleWebKit/537.36 (KHTML, like Gecko) Chrome/90.0.4430.93 Safari/537.36"
::1 - - [Mon, 10 May 2021 09:51:00 GMT] "GET /users/css/style.css HTTP/1.1" 404 158 "http://localhost:8001/users/signin" "Mozilla/5.0 (Macintosh; Intel Mac OS X 10_15_7) AppleWebKit/537.36 (KHTML, like Gecko) Chrome/90.0.4430.93 Safari/537.36"
::1 - - [Mon, 10 May 2021 09:51:00 GMT] "GET /users/css/header.css HTTP/1.1" 404 159 "http://localhost:8001/users/signin" "Mozilla/5.0 (Macintosh; Intel Mac OS X 10_15_7) AppleWebKit/537.36 (KHTML, like Gecko) Chrome/90.0.4430.93 Safari/537.36"
::1 - - [Mon, 10 May 2021 09:51:00 GMT] "GET /users/css/footer.css HTTP/1.1" 404 159 "http://localhost:8001/users/signin" "Mozilla/5.0 (Macintosh; Intel Mac OS X 10_15_7) AppleWebKit/537.36 (KHTML, like Gecko) Chrome/90.0.4430.93 Safari/537.36"
::1 - - [Mon, 10 May 2021 09:51:02 GMT] "GET /users/signup HTTP/1.1" 200 1624 "http://localhost:8001/users/signin" "Mozilla/5.0 (Macintosh; Intel Mac OS X 10_15_7) AppleWebKit/537.36 (KHTML, like Gecko) Chrome/90.0.4430.93 Safari/537.36"
::1 - - [Mon, 10 May 2021 09:51:02 GMT] "GET /users/css/style.css HTTP/1.1" 404 158 "http://localhost:8001/users/signup" "Mozilla/5.0 (Macintosh; Intel Mac OS X 10_15_7) AppleWebKit/537.36 (KHTML, like Gecko) Chrome/90.0.4430.93 Safari/537.36"
::1 - - [Mon, 10 May 2021 09:51:02 GMT] "GET /users/css/footer.css HTTP/1.1" 404 159 "http://localhost:8001/users/signup" "Mozilla/5.0 (Macintosh; Intel Mac OS X 10_15_7) AppleWebKit/537.36 (KHTML, like Gecko) Chrome/90.0.4430.93 Safari/537.36"
::1 - - [Mon, 10 May 2021 09:51:02 GMT] "GET /users/css/header.css HTTP/1.1" 404 159 "http://localhost:8001/users/signup" "Mozilla/5.0 (Macintosh; Intel Mac OS X 10_15_7) AppleWebKit/537.36 (KHTML, like Gecko) Chrome/90.0.4430.93 Safari/537.36"
::1 - - [Mon, 10 May 2021 12:56:10 GMT] "GET /users/signup HTTP/1.1" 304 - "http://localhost:8001/users/signin" "Mozilla/5.0 (Macintosh; Intel Mac OS X 10_15_7) AppleWebKit/537.36 (KHTML, like Gecko) Chrome/90.0.4430.93 Safari/537.36"
::1 - - [Mon, 10 May 2021 12:56:10 GMT] "GET /users/css/header.css HTTP/1.1" 404 159 "http://localhost:8001/users/signup" "Mozilla/5.0 (Macintosh; Intel Mac OS X 10_15_7) AppleWebKit/537.36 (KHTML, like Gecko) Chrome/90.0.4430.93 Safari/537.36"
::1 - - [Mon, 10 May 2021 12:56:10 GMT] "GET /users/css/style.css HTTP/1.1" 404 158 "http://localhost:8001/users/signup" "Mozilla/5.0 (Macintosh; Intel Mac OS X 10_15_7) AppleWebKit/537.36 (KHTML, like Gecko) Chrome/90.0.4430.93 Safari/537.36"
::1 - - [Mon, 10 May 2021 12:56:10 GMT] "GET /users/css/footer.css HTTP/1.1" 404 159 "http://localhost:8001/users/signup" "Mozilla/5.0 (Macintosh; Intel Mac OS X 10_15_7) AppleWebKit/537.36 (KHTML, like Gecko) Chrome/90.0.4430.93 Safari/537.36"
::1 - - [Mon, 10 May 2021 12:56:17 GMT] "GET /users/signin HTTP/1.1" 304 - "http://localhost:8001/users/signup" "Mozilla/5.0 (Macintosh; Intel Mac OS X 10_15_7) AppleWebKit/537.36 (KHTML, like Gecko) Chrome/90.0.4430.93 Safari/537.36"
::1 - - [Mon, 10 May 2021 12:56:17 GMT] "GET /users/css/header.css HTTP/1.1" 404 159 "http://localhost:8001/users/signin" "Mozilla/5.0 (Macintosh; Intel Mac OS X 10_15_7) AppleWebKit/537.36 (KHTML, like Gecko) Chrome/90.0.4430.93 Safari/537.36"
::1 - - [Mon, 10 May 2021 12:56:17 GMT] "GET /users/css/style.css HTTP/1.1" 404 158 "http://localhost:8001/users/signin" "Mozilla/5.0 (Macintosh; Intel Mac OS X 10_15_7) AppleWebKit/537.36 (KHTML, like Gecko) Chrome/90.0.4430.93 Safari/537.36"
::1 - - [Mon, 10 May 2021 12:56:17 GMT] "GET /users/css/footer.css HTTP/1.1" 404 159 "http://localhost:8001/users/signin" "Mozilla/5.0 (Macintosh; Intel Mac OS X 10_15_7) AppleWebKit/537.36 (KHTML, like Gecko) Chrome/90.0.4430.93 Safari/537.36"
::1 - - [Mon, 10 May 2021 12:56:30 GMT] "POST /users/createSession HTTP/1.1" 302 46 "http://localhost:8001/users/signin" "Mozilla/5.0 (Macintosh; Intel Mac OS X 10_15_7) AppleWebKit/537.36 (KHTML, like Gecko) Chrome/90.0.4430.93 Safari/537.36"
::1 - - [Mon, 10 May 2021 12:56:30 GMT] "GET / HTTP/1.1" 200 9329 "http://localhost:8001/users/signin" "Mozilla/5.0 (Macintosh; Intel Mac OS X 10_15_7) AppleWebKit/537.36 (KHTML, like Gecko) Chrome/90.0.4430.93 Safari/537.36"
::1 - - [Tue, 11 May 2021 10:06:11 GMT] "GET / HTTP/1.1" 200 5613 "-" "Mozilla/5.0 (Macintosh; Intel Mac OS X 10_15_7) AppleWebKit/537.36 (KHTML, like Gecko) Chrome/90.0.4430.93 Safari/537.36"
::1 - - [Tue, 11 May 2021 10:06:11 GMT] "GET /favicon.ico HTTP/1.1" 404 150 "http://localhost:8001/" "Mozilla/5.0 (Macintosh; Intel Mac OS X 10_15_7) AppleWebKit/537.36 (KHTML, like Gecko) Chrome/90.0.4430.93 Safari/537.36"
::1 - - [Wed, 12 May 2021 06:15:28 GMT] "GET / HTTP/1.1" 304 - "-" "Mozilla/5.0 (Macintosh; Intel Mac OS X 10_15_7) AppleWebKit/537.36 (KHTML, like Gecko) Chrome/90.0.4430.93 Safari/537.36"
::1 - - [Wed, 12 May 2021 06:15:30 GMT] "GET /users/signin HTTP/1.1" 304 - "http://localhost:8001/" "Mozilla/5.0 (Macintosh; Intel Mac OS X 10_15_7) AppleWebKit/537.36 (KHTML, like Gecko) Chrome/90.0.4430.93 Safari/537.36"
::1 - - [Wed, 12 May 2021 06:15:30 GMT] "GET /users/css/style.css HTTP/1.1" 404 158 "http://localhost:8001/users/signin" "Mozilla/5.0 (Macintosh; Intel Mac OS X 10_15_7) AppleWebKit/537.36 (KHTML, like Gecko) Chrome/90.0.4430.93 Safari/537.36"
::1 - - [Wed, 12 May 2021 06:15:30 GMT] "GET /users/css/header.css HTTP/1.1" 404 159 "http://localhost:8001/users/signin" "Mozilla/5.0 (Macintosh; Intel Mac OS X 10_15_7) AppleWebKit/537.36 (KHTML, like Gecko) Chrome/90.0.4430.93 Safari/537.36"
::1 - - [Wed, 12 May 2021 06:15:30 GMT] "GET /users/css/footer.css HTTP/1.1" 404 159 "http://localhost:8001/users/signin" "Mozilla/5.0 (Macintosh; Intel Mac OS X 10_15_7) AppleWebKit/537.36 (KHTML, like Gecko) Chrome/90.0.4430.93 Safari/537.36"
::1 - - [Wed, 12 May 2021 06:16:44 GMT] "GET /users/signin HTTP/1.1" 304 - "http://localhost:8001/" "Mozilla/5.0 (Macintosh; Intel Mac OS X 10_15_7) AppleWebKit/537.36 (KHTML, like Gecko) Chrome/90.0.4430.93 Safari/537.36"
::1 - - [Wed, 12 May 2021 06:16:44 GMT] "GET /users/css/style.css HTTP/1.1" 404 158 "http://localhost:8001/users/signin" "Mozilla/5.0 (Macintosh; Intel Mac OS X 10_15_7) AppleWebKit/537.36 (KHTML, like Gecko) Chrome/90.0.4430.93 Safari/537.36"
::1 - - [Wed, 12 May 2021 06:16:44 GMT] "GET /users/css/header.css HTTP/1.1" 404 159 "http://localhost:8001/users/signin" "Mozilla/5.0 (Macintosh; Intel Mac OS X 10_15_7) AppleWebKit/537.36 (KHTML, like Gecko) Chrome/90.0.4430.93 Safari/537.36"
::1 - - [Wed, 12 May 2021 06:16:44 GMT] "GET /users/css/footer.css HTTP/1.1" 404 159 "http://localhost:8001/users/signin" "Mozilla/5.0 (Macintosh; Intel Mac OS X 10_15_7) AppleWebKit/537.36 (KHTML, like Gecko) Chrome/90.0.4430.93 Safari/537.36"
::1 - - [Wed, 12 May 2021 06:18:01 GMT] "GET /users/signin HTTP/1.1" 304 - "http://localhost:8001/" "Mozilla/5.0 (Macintosh; Intel Mac OS X 10_15_7) AppleWebKit/537.36 (KHTML, like Gecko) Chrome/90.0.4430.93 Safari/537.36"
::1 - - [Wed, 12 May 2021 06:18:01 GMT] "GET /users/css/style.css HTTP/1.1" 404 158 "http://localhost:8001/users/signin" "Mozilla/5.0 (Macintosh; Intel Mac OS X 10_15_7) AppleWebKit/537.36 (KHTML, like Gecko) Chrome/90.0.4430.93 Safari/537.36"
::1 - - [Wed, 12 May 2021 06:18:01 GMT] "GET /users/css/footer.css HTTP/1.1" 404 159 "http://localhost:8001/users/signin" "Mozilla/5.0 (Macintosh; Intel Mac OS X 10_15_7) AppleWebKit/537.36 (KHTML, like Gecko) Chrome/90.0.4430.93 Safari/537.36"
::1 - - [Wed, 12 May 2021 06:18:01 GMT] "GET /users/css/header.css HTTP/1.1" 404 159 "http://localhost:8001/users/signin" "Mozilla/5.0 (Macintosh; Intel Mac OS X 10_15_7) AppleWebKit/537.36 (KHTML, like Gecko) Chrome/90.0.4430.93 Safari/537.36"
::1 - - [Wed, 12 May 2021 06:18:11 GMT] "GET /users/signin HTTP/1.1" 304 - "http://localhost:8001/" "Mozilla/5.0 (Macintosh; Intel Mac OS X 10_15_7) AppleWebKit/537.36 (KHTML, like Gecko) Chrome/90.0.4430.93 Safari/537.36"
::1 - - [Wed, 12 May 2021 06:18:11 GMT] "GET /users/css/header.css HTTP/1.1" 404 159 "http://localhost:8001/users/signin" "Mozilla/5.0 (Macintosh; Intel Mac OS X 10_15_7) AppleWebKit/537.36 (KHTML, like Gecko) Chrome/90.0.4430.93 Safari/537.36"
::1 - - [Wed, 12 May 2021 06:18:11 GMT] "GET /users/css/style.css HTTP/1.1" 404 158 "http://localhost:8001/users/signin" "Mozilla/5.0 (Macintosh; Intel Mac OS X 10_15_7) AppleWebKit/537.36 (KHTML, like Gecko) Chrome/90.0.4430.93 Safari/537.36"
::1 - - [Wed, 12 May 2021 06:18:11 GMT] "GET /users/css/footer.css HTTP/1.1" 404 159 "http://localhost:8001/users/signin" "Mozilla/5.0 (Macintosh; Intel Mac OS X 10_15_7) AppleWebKit/537.36 (KHTML, like Gecko) Chrome/90.0.4430.93 Safari/537.36"
::1 - - [Wed, 12 May 2021 06:18:25 GMT] "GET / HTTP/1.1" 304 - "-" "Mozilla/5.0 (Macintosh; Intel Mac OS X 10_15_7) AppleWebKit/537.36 (KHTML, like Gecko) Chrome/90.0.4430.93 Safari/537.36"
::1 - - [Wed, 12 May 2021 06:19:02 GMT] "GET /users/profile/60686c8865f0020a2da9d11b HTTP/1.1" 302 70 "http://localhost:8001/" "Mozilla/5.0 (Macintosh; Intel Mac OS X 10_15_7) AppleWebKit/537.36 (KHTML, like Gecko) Chrome/90.0.4430.93 Safari/537.36"
::1 - - [Wed, 12 May 2021 06:19:02 GMT] "GET /users/signin HTTP/1.1" 304 - "http://localhost:8001/" "Mozilla/5.0 (Macintosh; Intel Mac OS X 10_15_7) AppleWebKit/537.36 (KHTML, like Gecko) Chrome/90.0.4430.93 Safari/537.36"
::1 - - [Wed, 12 May 2021 06:19:02 GMT] "GET /users/css/style.css HTTP/1.1" 404 158 "http://localhost:8001/users/signin" "Mozilla/5.0 (Macintosh; Intel Mac OS X 10_15_7) AppleWebKit/537.36 (KHTML, like Gecko) Chrome/90.0.4430.93 Safari/537.36"
::1 - - [Wed, 12 May 2021 06:19:02 GMT] "GET /users/css/header.css HTTP/1.1" 404 159 "http://localhost:8001/users/signin" "Mozilla/5.0 (Macintosh; Intel Mac OS X 10_15_7) AppleWebKit/537.36 (KHTML, like Gecko) Chrome/90.0.4430.93 Safari/537.36"
::1 - - [Wed, 12 May 2021 06:19:02 GMT] "GET /users/css/footer.css HTTP/1.1" 404 159 "http://localhost:8001/users/signin" "Mozilla/5.0 (Macintosh; Intel Mac OS X 10_15_7) AppleWebKit/537.36 (KHTML, like Gecko) Chrome/90.0.4430.93 Safari/537.36"
::1 - - [Wed, 12 May 2021 06:23:14 GMT] "GET /users/signin HTTP/1.1" 304 - "http://localhost:8001/" "Mozilla/5.0 (Macintosh; Intel Mac OS X 10_15_7) AppleWebKit/537.36 (KHTML, like Gecko) Chrome/90.0.4430.93 Safari/537.36"
::1 - - [Wed, 12 May 2021 06:23:14 GMT] "GET /users/css/header.css HTTP/1.1" 404 159 "http://localhost:8001/users/signin" "Mozilla/5.0 (Macintosh; Intel Mac OS X 10_15_7) AppleWebKit/537.36 (KHTML, like Gecko) Chrome/90.0.4430.93 Safari/537.36"
::1 - - [Wed, 12 May 2021 06:23:14 GMT] "GET /users/css/style.css HTTP/1.1" 404 158 "http://localhost:8001/users/signin" "Mozilla/5.0 (Macintosh; Intel Mac OS X 10_15_7) AppleWebKit/537.36 (KHTML, like Gecko) Chrome/90.0.4430.93 Safari/537.36"
::1 - - [Wed, 12 May 2021 06:23:15 GMT] "GET /users/css/footer.css HTTP/1.1" 404 159 "http://localhost:8001/users/signin" "Mozilla/5.0 (Macintosh; Intel Mac OS X 10_15_7) AppleWebKit/537.36 (KHTML, like Gecko) Chrome/90.0.4430.93 Safari/537.36"
::1 - - [Wed, 12 May 2021 06:23:15 GMT] "GET /users/signin HTTP/1.1" 304 - "http://localhost:8001/" "Mozilla/5.0 (Macintosh; Intel Mac OS X 10_15_7) AppleWebKit/537.36 (KHTML, like Gecko) Chrome/90.0.4430.93 Safari/537.36"
::1 - - [Wed, 12 May 2021 06:23:15 GMT] "GET /users/css/footer.css HTTP/1.1" 404 159 "http://localhost:8001/users/signin" "Mozilla/5.0 (Macintosh; Intel Mac OS X 10_15_7) AppleWebKit/537.36 (KHTML, like Gecko) Chrome/90.0.4430.93 Safari/537.36"
::1 - - [Wed, 12 May 2021 06:23:15 GMT] "GET /users/css/header.css HTTP/1.1" 404 159 "http://localhost:8001/users/signin" "Mozilla/5.0 (Macintosh; Intel Mac OS X 10_15_7) AppleWebKit/537.36 (KHTML, like Gecko) Chrome/90.0.4430.93 Safari/537.36"
::1 - - [Wed, 12 May 2021 06:23:15 GMT] "GET /users/css/style.css HTTP/1.1" 404 158 "http://localhost:8001/users/signin" "Mozilla/5.0 (Macintosh; Intel Mac OS X 10_15_7) AppleWebKit/537.36 (KHTML, like Gecko) Chrome/90.0.4430.93 Safari/537.36"
::1 - - [Wed, 12 May 2021 06:26:34 GMT] "POST /users/createSession HTTP/1.1" 302 46 "http://localhost:8001/users/signin" "Mozilla/5.0 (Macintosh; Intel Mac OS X 10_15_7) AppleWebKit/537.36 (KHTML, like Gecko) Chrome/90.0.4430.93 Safari/537.36"
::1 - - [Wed, 12 May 2021 06:26:34 GMT] "GET / HTTP/1.1" 304 - "http://localhost:8001/users/signin" "Mozilla/5.0 (Macintosh; Intel Mac OS X 10_15_7) AppleWebKit/537.36 (KHTML, like Gecko) Chrome/90.0.4430.93 Safari/537.36"
::1 - - [Wed, 12 May 2021 06:26:37 GMT] "GET / HTTP/1.1" 200 9329 "http://localhost:8001/users/signin" "Mozilla/5.0 (Macintosh; Intel Mac OS X 10_15_7) AppleWebKit/537.36 (KHTML, like Gecko) Chrome/90.0.4430.93 Safari/537.36"
::1 - - [Wed, 12 May 2021 06:26:45 GMT] "GET /users/profile/605591cf7f87e604b6286574 HTTP/1.1" 200 1344 "http://localhost:8001/" "Mozilla/5.0 (Macintosh; Intel Mac OS X 10_15_7) AppleWebKit/537.36 (KHTML, like Gecko) Chrome/90.0.4430.93 Safari/537.36"
::1 - - [Wed, 12 May 2021 06:26:45 GMT] "GET /users/profile/css/style.css HTTP/1.1" 404 166 "http://localhost:8001/users/profile/605591cf7f87e604b6286574" "Mozilla/5.0 (Macintosh; Intel Mac OS X 10_15_7) AppleWebKit/537.36 (KHTML, like Gecko) Chrome/90.0.4430.93 Safari/537.36"
::1 - - [Wed, 12 May 2021 06:26:45 GMT] "GET /users/profile/css/header.css HTTP/1.1" 404 167 "http://localhost:8001/users/profile/605591cf7f87e604b6286574" "Mozilla/5.0 (Macintosh; Intel Mac OS X 10_15_7) AppleWebKit/537.36 (KHTML, like Gecko) Chrome/90.0.4430.93 Safari/537.36"
::1 - - [Wed, 12 May 2021 06:26:45 GMT] "GET /users/profile/css/footer.css HTTP/1.1" 404 167 "http://localhost:8001/users/profile/605591cf7f87e604b6286574" "Mozilla/5.0 (Macintosh; Intel Mac OS X 10_15_7) AppleWebKit/537.36 (KHTML, like Gecko) Chrome/90.0.4430.93 Safari/537.36"
::1 - - [Wed, 12 May 2021 06:42:33 GMT] "GET /users/profile/605591cf7f87e604b6286574 HTTP/1.1" 200 1353 "http://localhost:8001/" "Mozilla/5.0 (Macintosh; Intel Mac OS X 10_15_7) AppleWebKit/537.36 (KHTML, like Gecko) Chrome/90.0.4430.93 Safari/537.36"
::1 - - [Wed, 12 May 2021 06:42:33 GMT] "GET /users/profile/css/header.css HTTP/1.1" 404 167 "http://localhost:8001/users/profile/605591cf7f87e604b6286574" "Mozilla/5.0 (Macintosh; Intel Mac OS X 10_15_7) AppleWebKit/537.36 (KHTML, like Gecko) Chrome/90.0.4430.93 Safari/537.36"
::1 - - [Wed, 12 May 2021 06:42:33 GMT] "GET /users/profile/css/style.css HTTP/1.1" 404 166 "http://localhost:8001/users/profile/605591cf7f87e604b6286574" "Mozilla/5.0 (Macintosh; Intel Mac OS X 10_15_7) AppleWebKit/537.36 (KHTML, like Gecko) Chrome/90.0.4430.93 Safari/537.36"
::1 - - [Wed, 12 May 2021 06:42:33 GMT] "GET /users/profile/css/footer.css HTTP/1.1" 404 167 "http://localhost:8001/users/profile/605591cf7f87e604b6286574" "Mozilla/5.0 (Macintosh; Intel Mac OS X 10_15_7) AppleWebKit/537.36 (KHTML, like Gecko) Chrome/90.0.4430.93 Safari/537.36"
::1 - - [Wed, 12 May 2021 06:42:37 GMT] "GET /users/profile HTTP/1.1" 404 152 "http://localhost:8001/users/profile/605591cf7f87e604b6286574" "Mozilla/5.0 (Macintosh; Intel Mac OS X 10_15_7) AppleWebKit/537.36 (KHTML, like Gecko) Chrome/90.0.4430.93 Safari/537.36"
::1 - - [Wed, 12 May 2021 06:42:38 GMT] "GET /users/profile/css/footer.css HTTP/1.1" 404 167 "http://localhost:8001/users/profile/605591cf7f87e604b6286574" "Mozilla/5.0 (Macintosh; Intel Mac OS X 10_15_7) AppleWebKit/537.36 (KHTML, like Gecko) Chrome/90.0.4430.93 Safari/537.36"
::1 - - [Wed, 12 May 2021 06:42:38 GMT] "GET /users/profile/css/style.css HTTP/1.1" 404 166 "http://localhost:8001/users/profile/605591cf7f87e604b6286574" "Mozilla/5.0 (Macintosh; Intel Mac OS X 10_15_7) AppleWebKit/537.36 (KHTML, like Gecko) Chrome/90.0.4430.93 Safari/537.36"
::1 - - [Wed, 12 May 2021 06:42:38 GMT] "GET /users/profile/css/header.css HTTP/1.1" 404 167 "http://localhost:8001/users/profile/605591cf7f87e604b6286574" "Mozilla/5.0 (Macintosh; Intel Mac OS X 10_15_7) AppleWebKit/537.36 (KHTML, like Gecko) Chrome/90.0.4430.93 Safari/537.36"
::1 - - [Wed, 12 May 2021 06:42:48 GMT] "GET /users/signout HTTP/1.1" 302 46 "http://localhost:8001/" "Mozilla/5.0 (Macintosh; Intel Mac OS X 10_15_7) AppleWebKit/537.36 (KHTML, like Gecko) Chrome/90.0.4430.93 Safari/537.36"
::1 - - [Wed, 12 May 2021 06:42:48 GMT] "GET / HTTP/1.1" 200 5886 "http://localhost:8001/" "Mozilla/5.0 (Macintosh; Intel Mac OS X 10_15_7) AppleWebKit/537.36 (KHTML, like Gecko) Chrome/90.0.4430.93 Safari/537.36"
::1 - - [Wed, 12 May 2021 06:42:50 GMT] "GET /users/signin HTTP/1.1" 200 1619 "http://localhost:8001/" "Mozilla/5.0 (Macintosh; Intel Mac OS X 10_15_7) AppleWebKit/537.36 (KHTML, like Gecko) Chrome/90.0.4430.93 Safari/537.36"
::1 - - [Wed, 12 May 2021 06:42:50 GMT] "GET /users/css/style.css HTTP/1.1" 404 158 "http://localhost:8001/users/signin" "Mozilla/5.0 (Macintosh; Intel Mac OS X 10_15_7) AppleWebKit/537.36 (KHTML, like Gecko) Chrome/90.0.4430.93 Safari/537.36"
::1 - - [Wed, 12 May 2021 06:42:50 GMT] "GET /users/css/footer.css HTTP/1.1" 404 159 "http://localhost:8001/users/signin" "Mozilla/5.0 (Macintosh; Intel Mac OS X 10_15_7) AppleWebKit/537.36 (KHTML, like Gecko) Chrome/90.0.4430.93 Safari/537.36"
::1 - - [Wed, 12 May 2021 06:42:50 GMT] "GET /users/css/header.css HTTP/1.1" 404 159 "http://localhost:8001/users/signin" "Mozilla/5.0 (Macintosh; Intel Mac OS X 10_15_7) AppleWebKit/537.36 (KHTML, like Gecko) Chrome/90.0.4430.93 Safari/537.36"
::1 - - [Wed, 12 May 2021 06:43:26 GMT] "GET /users/signin HTTP/1.1" 304 - "http://localhost:8001/" "Mozilla/5.0 (Macintosh; Intel Mac OS X 10_15_7) AppleWebKit/537.36 (KHTML, like Gecko) Chrome/90.0.4430.93 Safari/537.36"
::1 - - [Wed, 12 May 2021 06:43:26 GMT] "GET /users/css/header.css HTTP/1.1" 404 159 "http://localhost:8001/users/signin" "Mozilla/5.0 (Macintosh; Intel Mac OS X 10_15_7) AppleWebKit/537.36 (KHTML, like Gecko) Chrome/90.0.4430.93 Safari/537.36"
::1 - - [Wed, 12 May 2021 06:43:26 GMT] "GET /users/css/footer.css HTTP/1.1" 404 159 "http://localhost:8001/users/signin" "Mozilla/5.0 (Macintosh; Intel Mac OS X 10_15_7) AppleWebKit/537.36 (KHTML, like Gecko) Chrome/90.0.4430.93 Safari/537.36"
::1 - - [Wed, 12 May 2021 06:43:26 GMT] "GET /users/css/style.css HTTP/1.1" 404 158 "http://localhost:8001/users/signin" "Mozilla/5.0 (Macintosh; Intel Mac OS X 10_15_7) AppleWebKit/537.36 (KHTML, like Gecko) Chrome/90.0.4430.93 Safari/537.36"
::1 - - [Wed, 12 May 2021 06:43:40 GMT] "GET /users/signin HTTP/1.1" 200 1620 "http://localhost:8001/" "Mozilla/5.0 (Macintosh; Intel Mac OS X 10_15_7) AppleWebKit/537.36 (KHTML, like Gecko) Chrome/90.0.4430.93 Safari/537.36"
::1 - - [Wed, 12 May 2021 06:43:40 GMT] "GET /users/css/style.css HTTP/1.1" 404 158 "http://localhost:8001/users/signin" "Mozilla/5.0 (Macintosh; Intel Mac OS X 10_15_7) AppleWebKit/537.36 (KHTML, like Gecko) Chrome/90.0.4430.93 Safari/537.36"
::1 - - [Wed, 12 May 2021 06:43:40 GMT] "GET /users/css/footer.css HTTP/1.1" 404 159 "http://localhost:8001/users/signin" "Mozilla/5.0 (Macintosh; Intel Mac OS X 10_15_7) AppleWebKit/537.36 (KHTML, like Gecko) Chrome/90.0.4430.93 Safari/537.36"
::1 - - [Wed, 12 May 2021 06:43:40 GMT] "GET /users/css/header.css HTTP/1.1" 404 159 "http://localhost:8001/users/signin" "Mozilla/5.0 (Macintosh; Intel Mac OS X 10_15_7) AppleWebKit/537.36 (KHTML, like Gecko) Chrome/90.0.4430.93 Safari/537.36"
::1 - - [Wed, 12 May 2021 06:43:45 GMT] "GET /users/signin HTTP/1.1" 200 1619 "http://localhost:8001/" "Mozilla/5.0 (Macintosh; Intel Mac OS X 10_15_7) AppleWebKit/537.36 (KHTML, like Gecko) Chrome/90.0.4430.93 Safari/537.36"
::1 - - [Wed, 12 May 2021 06:43:45 GMT] "GET /users/css/header.css HTTP/1.1" 404 159 "http://localhost:8001/users/signin" "Mozilla/5.0 (Macintosh; Intel Mac OS X 10_15_7) AppleWebKit/537.36 (KHTML, like Gecko) Chrome/90.0.4430.93 Safari/537.36"
::1 - - [Wed, 12 May 2021 06:43:45 GMT] "GET /users/css/style.css HTTP/1.1" 404 158 "http://localhost:8001/users/signin" "Mozilla/5.0 (Macintosh; Intel Mac OS X 10_15_7) AppleWebKit/537.36 (KHTML, like Gecko) Chrome/90.0.4430.93 Safari/537.36"
::1 - - [Wed, 12 May 2021 06:43:45 GMT] "GET /users/css/footer.css HTTP/1.1" 404 159 "http://localhost:8001/users/signin" "Mozilla/5.0 (Macintosh; Intel Mac OS X 10_15_7) AppleWebKit/537.36 (KHTML, like Gecko) Chrome/90.0.4430.93 Safari/537.36"
::1 - - [Wed, 12 May 2021 06:44:20 GMT] "GET /users/signin HTTP/1.1" 200 1631 "http://localhost:8001/" "Mozilla/5.0 (Macintosh; Intel Mac OS X 10_15_7) AppleWebKit/537.36 (KHTML, like Gecko) Chrome/90.0.4430.93 Safari/537.36"
::1 - - [Wed, 12 May 2021 06:44:20 GMT] "GET /users/css/footer.css HTTP/1.1" 404 159 "http://localhost:8001/users/signin" "Mozilla/5.0 (Macintosh; Intel Mac OS X 10_15_7) AppleWebKit/537.36 (KHTML, like Gecko) Chrome/90.0.4430.93 Safari/537.36"
::1 - - [Wed, 12 May 2021 06:44:25 GMT] "GET /users/signin HTTP/1.1" 304 - "http://localhost:8001/users/signin" "Mozilla/5.0 (Macintosh; Intel Mac OS X 10_15_7) AppleWebKit/537.36 (KHTML, like Gecko) Chrome/90.0.4430.93 Safari/537.36"
::1 - - [Wed, 12 May 2021 06:44:25 GMT] "GET /users/css/footer.css HTTP/1.1" 404 159 "http://localhost:8001/users/signin" "Mozilla/5.0 (Macintosh; Intel Mac OS X 10_15_7) AppleWebKit/537.36 (KHTML, like Gecko) Chrome/90.0.4430.93 Safari/537.36"
::1 - - [Wed, 12 May 2021 06:44:27 GMT] "POST /users/createSession HTTP/1.1" 302 70 "http://localhost:8001/users/signin" "Mozilla/5.0 (Macintosh; Intel Mac OS X 10_15_7) AppleWebKit/537.36 (KHTML, like Gecko) Chrome/90.0.4430.93 Safari/537.36"
::1 - - [Wed, 12 May 2021 06:44:27 GMT] "GET /users/signin HTTP/1.1" 200 1898 "http://localhost:8001/users/signin" "Mozilla/5.0 (Macintosh; Intel Mac OS X 10_15_7) AppleWebKit/537.36 (KHTML, like Gecko) Chrome/90.0.4430.93 Safari/537.36"
::1 - - [Wed, 12 May 2021 06:44:28 GMT] "GET /users/css/footer.css HTTP/1.1" 404 159 "http://localhost:8001/users/signin" "Mozilla/5.0 (Macintosh; Intel Mac OS X 10_15_7) AppleWebKit/537.36 (KHTML, like Gecko) Chrome/90.0.4430.93 Safari/537.36"
::1 - - [Wed, 12 May 2021 06:44:33 GMT] "POST /users/createSession HTTP/1.1" 302 46 "http://localhost:8001/users/signin" "Mozilla/5.0 (Macintosh; Intel Mac OS X 10_15_7) AppleWebKit/537.36 (KHTML, like Gecko) Chrome/90.0.4430.93 Safari/537.36"
::1 - - [Wed, 12 May 2021 06:44:33 GMT] "GET / HTTP/1.1" 200 9347 "http://localhost:8001/users/signin" "Mozilla/5.0 (Macintosh; Intel Mac OS X 10_15_7) AppleWebKit/537.36 (KHTML, like Gecko) Chrome/90.0.4430.93 Safari/537.36"
::1 - - [Wed, 12 May 2021 06:44:38 GMT] "GET /users/profile/6086883cd4d4080b8b4bf0b2 HTTP/1.1" 200 1882 "http://localhost:8001/" "Mozilla/5.0 (Macintosh; Intel Mac OS X 10_15_7) AppleWebKit/537.36 (KHTML, like Gecko) Chrome/90.0.4430.93 Safari/537.36"
::1 - - [Wed, 12 May 2021 06:44:46 GMT] "GET /users/profile HTTP/1.1" 404 152 "http://localhost:8001/users/profile/6086883cd4d4080b8b4bf0b2" "Mozilla/5.0 (Macintosh; Intel Mac OS X 10_15_7) AppleWebKit/537.36 (KHTML, like Gecko) Chrome/90.0.4430.93 Safari/537.36"
::1 - - [Wed, 12 May 2021 06:45:31 GMT] "GET /users/profile/6086883cd4d4080b8b4bf0b2 HTTP/1.1" 200 1869 "http://localhost:8001/" "Mozilla/5.0 (Macintosh; Intel Mac OS X 10_15_7) AppleWebKit/537.36 (KHTML, like Gecko) Chrome/90.0.4430.93 Safari/537.36"
::1 - - [Wed, 12 May 2021 06:45:32 GMT] "GET / HTTP/1.1" 200 9068 "http://localhost:8001/users/profile/6086883cd4d4080b8b4bf0b2" "Mozilla/5.0 (Macintosh; Intel Mac OS X 10_15_7) AppleWebKit/537.36 (KHTML, like Gecko) Chrome/90.0.4430.93 Safari/537.36"
::1 - - [Wed, 12 May 2021 06:45:51 GMT] "GET /users/signout HTTP/1.1" 302 46 "http://localhost:8001/" "Mozilla/5.0 (Macintosh; Intel Mac OS X 10_15_7) AppleWebKit/537.36 (KHTML, like Gecko) Chrome/90.0.4430.93 Safari/537.36"
::1 - - [Wed, 12 May 2021 06:45:51 GMT] "GET / HTTP/1.1" 200 5895 "http://localhost:8001/" "Mozilla/5.0 (Macintosh; Intel Mac OS X 10_15_7) AppleWebKit/537.36 (KHTML, like Gecko) Chrome/90.0.4430.93 Safari/537.36"
::1 - - [Wed, 12 May 2021 06:45:56 GMT] "GET / HTTP/1.1" 200 5631 "-" "Mozilla/5.0 (Macintosh; Intel Mac OS X 10_15_7) AppleWebKit/537.36 (KHTML, like Gecko) Chrome/90.0.4430.93 Safari/537.36"
::1 - - [Wed, 12 May 2021 06:45:57 GMT] "GET /users/signin HTTP/1.1" 200 1631 "http://localhost:8001/" "Mozilla/5.0 (Macintosh; Intel Mac OS X 10_15_7) AppleWebKit/537.36 (KHTML, like Gecko) Chrome/90.0.4430.93 Safari/537.36"
::1 - - [Wed, 12 May 2021 06:45:57 GMT] "GET /users/css/footer.css HTTP/1.1" 404 159 "http://localhost:8001/users/signin" "Mozilla/5.0 (Macintosh; Intel Mac OS X 10_15_7) AppleWebKit/537.36 (KHTML, like Gecko) Chrome/90.0.4430.93 Safari/537.36"
::1 - - [Wed, 12 May 2021 06:46:03 GMT] "POST /users/createSession HTTP/1.1" 302 46 "http://localhost:8001/users/signin" "Mozilla/5.0 (Macintosh; Intel Mac OS X 10_15_7) AppleWebKit/537.36 (KHTML, like Gecko) Chrome/90.0.4430.93 Safari/537.36"
::1 - - [Wed, 12 May 2021 06:46:03 GMT] "GET / HTTP/1.1" 200 9334 "http://localhost:8001/users/signin" "Mozilla/5.0 (Macintosh; Intel Mac OS X 10_15_7) AppleWebKit/537.36 (KHTML, like Gecko) Chrome/90.0.4430.93 Safari/537.36"
::1 - - [Wed, 12 May 2021 06:46:07 GMT] "GET /users/signout HTTP/1.1" 302 46 "http://localhost:8001/" "Mozilla/5.0 (Macintosh; Intel Mac OS X 10_15_7) AppleWebKit/537.36 (KHTML, like Gecko) Chrome/90.0.4430.93 Safari/537.36"
::1 - - [Wed, 12 May 2021 06:46:07 GMT] "GET / HTTP/1.1" 200 5895 "http://localhost:8001/" "Mozilla/5.0 (Macintosh; Intel Mac OS X 10_15_7) AppleWebKit/537.36 (KHTML, like Gecko) Chrome/90.0.4430.93 Safari/537.36"
::1 - - [Wed, 12 May 2021 06:46:24 GMT] "GET / HTTP/1.1" 200 5631 "-" "Mozilla/5.0 (Macintosh; Intel Mac OS X 10_15_7) AppleWebKit/537.36 (KHTML, like Gecko) Chrome/90.0.4430.93 Safari/537.36"
::1 - - [Wed, 12 May 2021 06:46:26 GMT] "GET /users/signin HTTP/1.1" 304 - "http://localhost:8001/" "Mozilla/5.0 (Macintosh; Intel Mac OS X 10_15_7) AppleWebKit/537.36 (KHTML, like Gecko) Chrome/90.0.4430.93 Safari/537.36"
::1 - - [Wed, 12 May 2021 06:46:26 GMT] "GET /users/css/footer.css HTTP/1.1" 404 159 "http://localhost:8001/users/signin" "Mozilla/5.0 (Macintosh; Intel Mac OS X 10_15_7) AppleWebKit/537.36 (KHTML, like Gecko) Chrome/90.0.4430.93 Safari/537.36"
::1 - - [Wed, 12 May 2021 06:46:34 GMT] "POST /users/createSession HTTP/1.1" 302 46 "http://localhost:8001/users/signin" "Mozilla/5.0 (Macintosh; Intel Mac OS X 10_15_7) AppleWebKit/537.36 (KHTML, like Gecko) Chrome/90.0.4430.93 Safari/537.36"
::1 - - [Wed, 12 May 2021 06:46:34 GMT] "GET / HTTP/1.1" 200 9334 "http://localhost:8001/users/signin" "Mozilla/5.0 (Macintosh; Intel Mac OS X 10_15_7) AppleWebKit/537.36 (KHTML, like Gecko) Chrome/90.0.4430.93 Safari/537.36"
::1 - - [Wed, 12 May 2021 06:48:01 GMT] "GET /users/css/footer.css HTTP/1.1" 404 159 "http://localhost:8001/users/signin" "Mozilla/5.0 (Macintosh; Intel Mac OS X 10_15_7) AppleWebKit/537.36 (KHTML, like Gecko) Chrome/90.0.4430.93 Safari/537.36"
::1 - - [Wed, 12 May 2021 06:48:22 GMT] "GET / HTTP/1.1" 200 9068 "http://localhost:8001/" "Mozilla/5.0 (Macintosh; Intel Mac OS X 10_15_7) AppleWebKit/537.36 (KHTML, like Gecko) Chrome/90.0.4430.93 Safari/537.36"
::1 - - [Wed, 12 May 2021 06:48:23 GMT] "GET / HTTP/1.1" 304 - "http://localhost:8001/" "Mozilla/5.0 (Macintosh; Intel Mac OS X 10_15_7) AppleWebKit/537.36 (KHTML, like Gecko) Chrome/90.0.4430.93 Safari/537.36"
::1 - - [Wed, 12 May 2021 06:48:24 GMT] "GET / HTTP/1.1" 304 - "http://localhost:8001/" "Mozilla/5.0 (Macintosh; Intel Mac OS X 10_15_7) AppleWebKit/537.36 (KHTML, like Gecko) Chrome/90.0.4430.93 Safari/537.36"
::1 - - [Wed, 12 May 2021 06:48:25 GMT] "GET / HTTP/1.1" 304 - "http://localhost:8001/" "Mozilla/5.0 (Macintosh; Intel Mac OS X 10_15_7) AppleWebKit/537.36 (KHTML, like Gecko) Chrome/90.0.4430.93 Safari/537.36"
::1 - - [Wed, 12 May 2021 07:11:31 GMT] "GET / HTTP/1.1" 500 2150 "http://localhost:8001/" "Mozilla/5.0 (Macintosh; Intel Mac OS X 10_15_7) AppleWebKit/537.36 (KHTML, like Gecko) Chrome/90.0.4430.93 Safari/537.36"
::1 - - [Wed, 12 May 2021 07:14:03 GMT] "GET / HTTP/1.1" 500 2150 "http://localhost:8001/" "Mozilla/5.0 (Macintosh; Intel Mac OS X 10_15_7) AppleWebKit/537.36 (KHTML, like Gecko) Chrome/90.0.4430.93 Safari/537.36"
::1 - - [Wed, 12 May 2021 07:14:29 GMT] "GET / HTTP/1.1" 200 3716 "http://localhost:8001/" "Mozilla/5.0 (Macintosh; Intel Mac OS X 10_15_7) AppleWebKit/537.36 (KHTML, like Gecko) Chrome/90.0.4430.93 Safari/537.36"
::1 - - [Wed, 12 May 2021 07:14:29 GMT] "GET /undefined HTTP/1.1" 404 148 "http://localhost:8001/" "Mozilla/5.0 (Macintosh; Intel Mac OS X 10_15_7) AppleWebKit/537.36 (KHTML, like Gecko) Chrome/90.0.4430.93 Safari/537.36"
::1 - - [Wed, 12 May 2021 07:14:29 GMT] "GET /undefined HTTP/1.1" 404 148 "http://localhost:8001/" "Mozilla/5.0 (Macintosh; Intel Mac OS X 10_15_7) AppleWebKit/537.36 (KHTML, like Gecko) Chrome/90.0.4430.93 Safari/537.36"
::1 - - [Wed, 12 May 2021 07:14:29 GMT] "GET /undefined HTTP/1.1" 404 148 "http://localhost:8001/" "Mozilla/5.0 (Macintosh; Intel Mac OS X 10_15_7) AppleWebKit/537.36 (KHTML, like Gecko) Chrome/90.0.4430.93 Safari/537.36"
::1 - - [Wed, 12 May 2021 07:14:29 GMT] "GET /undefined HTTP/1.1" 404 148 "http://localhost:8001/" "Mozilla/5.0 (Macintosh; Intel Mac OS X 10_15_7) AppleWebKit/537.36 (KHTML, like Gecko) Chrome/90.0.4430.93 Safari/537.36"
::1 - - [Wed, 12 May 2021 07:14:34 GMT] "GET /users/signin HTTP/1.1" 200 1664 "http://localhost:8001/" "Mozilla/5.0 (Macintosh; Intel Mac OS X 10_15_7) AppleWebKit/537.36 (KHTML, like Gecko) Chrome/90.0.4430.93 Safari/537.36"
::1 - - [Wed, 12 May 2021 07:14:34 GMT] "GET /users/css/footer.css HTTP/1.1" 404 159 "http://localhost:8001/users/signin" "Mozilla/5.0 (Macintosh; Intel Mac OS X 10_15_7) AppleWebKit/537.36 (KHTML, like Gecko) Chrome/90.0.4430.93 Safari/537.36"
::1 - - [Wed, 12 May 2021 07:14:40 GMT] "GET /users/signup HTTP/1.1" 200 1669 "http://localhost:8001/users/signin" "Mozilla/5.0 (Macintosh; Intel Mac OS X 10_15_7) AppleWebKit/537.36 (KHTML, like Gecko) Chrome/90.0.4430.93 Safari/537.36"
::1 - - [Wed, 12 May 2021 07:14:42 GMT] "GET /users/css/footer.css HTTP/1.1" 404 159 "http://localhost:8001/users/signin" "Mozilla/5.0 (Macintosh; Intel Mac OS X 10_15_7) AppleWebKit/537.36 (KHTML, like Gecko) Chrome/90.0.4430.93 Safari/537.36"
::1 - - [Wed, 12 May 2021 07:15:12 GMT] "POST /users/createSession HTTP/1.1" 302 46 "http://localhost:8001/users/signin" "Mozilla/5.0 (Macintosh; Intel Mac OS X 10_15_7) AppleWebKit/537.36 (KHTML, like Gecko) Chrome/90.0.4430.93 Safari/537.36"
::1 - - [Wed, 12 May 2021 07:15:12 GMT] "GET / HTTP/1.1" 200 6017 "http://localhost:8001/users/signin" "Mozilla/5.0 (Macintosh; Intel Mac OS X 10_15_7) AppleWebKit/537.36 (KHTML, like Gecko) Chrome/90.0.4430.93 Safari/537.36"
::1 - - [Wed, 12 May 2021 07:15:12 GMT] "GET /undefined HTTP/1.1" 404 148 "http://localhost:8001/" "Mozilla/5.0 (Macintosh; Intel Mac OS X 10_15_7) AppleWebKit/537.36 (KHTML, like Gecko) Chrome/90.0.4430.93 Safari/537.36"
::1 - - [Wed, 12 May 2021 07:15:12 GMT] "GET /undefined HTTP/1.1" 404 148 "http://localhost:8001/" "Mozilla/5.0 (Macintosh; Intel Mac OS X 10_15_7) AppleWebKit/537.36 (KHTML, like Gecko) Chrome/90.0.4430.93 Safari/537.36"
::1 - - [Wed, 12 May 2021 07:15:12 GMT] "GET /undefined HTTP/1.1" 404 148 "http://localhost:8001/" "Mozilla/5.0 (Macintosh; Intel Mac OS X 10_15_7) AppleWebKit/537.36 (KHTML, like Gecko) Chrome/90.0.4430.93 Safari/537.36"
::1 - - [Wed, 12 May 2021 07:15:12 GMT] "GET /undefined HTTP/1.1" 404 148 "http://localhost:8001/" "Mozilla/5.0 (Macintosh; Intel Mac OS X 10_15_7) AppleWebKit/537.36 (KHTML, like Gecko) Chrome/90.0.4430.93 Safari/537.36"
::1 - - [Wed, 12 May 2021 07:15:34 GMT] "GET /likes/toggle?id=60956ab14a008024d6c407c8&type=Comment HTTP/1.1" 404 151 "http://localhost:8001/" "Mozilla/5.0 (Macintosh; Intel Mac OS X 10_15_7) AppleWebKit/537.36 (KHTML, like Gecko) Chrome/90.0.4430.93 Safari/537.36"
::1 - - [Wed, 12 May 2021 07:15:47 GMT] "GET /likes/toggle?id=60956ab14a008024d6c407c8&type=Comment HTTP/1.1" 404 151 "http://localhost:8001/" "Mozilla/5.0 (Macintosh; Intel Mac OS X 10_15_7) AppleWebKit/537.36 (KHTML, like Gecko) Chrome/90.0.4430.93 Safari/537.36"
::1 - - [Wed, 12 May 2021 07:15:59 GMT] "GET /likes/toggle?id=60956a924a008024d6c407c6&type=Comment HTTP/1.1" 404 151 "http://localhost:8001/" "Mozilla/5.0 (Macintosh; Intel Mac OS X 10_15_7) AppleWebKit/537.36 (KHTML, like Gecko) Chrome/90.0.4430.93 Safari/537.36"
::1 - - [Wed, 12 May 2021 07:16:26 GMT] "GET /users/signout HTTP/1.1" 302 46 "http://localhost:8001/" "Mozilla/5.0 (Macintosh; Intel Mac OS X 10_15_7) AppleWebKit/537.36 (KHTML, like Gecko) Chrome/90.0.4430.93 Safari/537.36"
::1 - - [Wed, 12 May 2021 07:16:26 GMT] "GET / HTTP/1.1" 200 3980 "http://localhost:8001/" "Mozilla/5.0 (Macintosh; Intel Mac OS X 10_15_7) AppleWebKit/537.36 (KHTML, like Gecko) Chrome/90.0.4430.93 Safari/537.36"
::1 - - [Wed, 12 May 2021 07:16:26 GMT] "GET /undefined HTTP/1.1" 404 148 "http://localhost:8001/" "Mozilla/5.0 (Macintosh; Intel Mac OS X 10_15_7) AppleWebKit/537.36 (KHTML, like Gecko) Chrome/90.0.4430.93 Safari/537.36"
::1 - - [Wed, 12 May 2021 07:16:26 GMT] "GET /undefined HTTP/1.1" 404 148 "http://localhost:8001/" "Mozilla/5.0 (Macintosh; Intel Mac OS X 10_15_7) AppleWebKit/537.36 (KHTML, like Gecko) Chrome/90.0.4430.93 Safari/537.36"
::1 - - [Wed, 12 May 2021 07:16:26 GMT] "GET /undefined HTTP/1.1" 404 148 "http://localhost:8001/" "Mozilla/5.0 (Macintosh; Intel Mac OS X 10_15_7) AppleWebKit/537.36 (KHTML, like Gecko) Chrome/90.0.4430.93 Safari/537.36"
::1 - - [Wed, 12 May 2021 07:16:26 GMT] "GET /undefined HTTP/1.1" 404 148 "http://localhost:8001/" "Mozilla/5.0 (Macintosh; Intel Mac OS X 10_15_7) AppleWebKit/537.36 (KHTML, like Gecko) Chrome/90.0.4430.93 Safari/537.36"
::1 - - [Wed, 12 May 2021 07:16:26 GMT] "GET /undefined HTTP/1.1" 404 148 "http://localhost:8001/" "Mozilla/5.0 (Macintosh; Intel Mac OS X 10_15_7) AppleWebKit/537.36 (KHTML, like Gecko) Chrome/90.0.4430.93 Safari/537.36"
::1 - - [Wed, 12 May 2021 07:17:43 GMT] "GET / HTTP/1.1" 200 3794 "http://localhost:8001/" "Mozilla/5.0 (Macintosh; Intel Mac OS X 10_15_7) AppleWebKit/537.36 (KHTML, like Gecko) Chrome/90.0.4430.93 Safari/537.36"
::1 - - [Wed, 12 May 2021 07:17:44 GMT] "GET /users/signin HTTP/1.1" 304 - "http://localhost:8001/" "Mozilla/5.0 (Macintosh; Intel Mac OS X 10_15_7) AppleWebKit/537.36 (KHTML, like Gecko) Chrome/90.0.4430.93 Safari/537.36"
::1 - - [Wed, 12 May 2021 07:17:44 GMT] "GET /users/css/footer.css HTTP/1.1" 404 159 "http://localhost:8001/users/signin" "Mozilla/5.0 (Macintosh; Intel Mac OS X 10_15_7) AppleWebKit/537.36 (KHTML, like Gecko) Chrome/90.0.4430.93 Safari/537.36"
::1 - - [Wed, 12 May 2021 07:17:48 GMT] "POST /users/createSession HTTP/1.1" 302 46 "http://localhost:8001/users/signin" "Mozilla/5.0 (Macintosh; Intel Mac OS X 10_15_7) AppleWebKit/537.36 (KHTML, like Gecko) Chrome/90.0.4430.93 Safari/537.36"
::1 - - [Wed, 12 May 2021 07:17:48 GMT] "GET / HTTP/1.1" 200 6095 "http://localhost:8001/users/signin" "Mozilla/5.0 (Macintosh; Intel Mac OS X 10_15_7) AppleWebKit/537.36 (KHTML, like Gecko) Chrome/90.0.4430.93 Safari/537.36"
::1 - - [Wed, 12 May 2021 07:17:52 GMT] "POST /likes/toggle?id=60956ab14a008024d6c407c8&type=Comment HTTP/1.1" 200 57 "http://localhost:8001/" "Mozilla/5.0 (Macintosh; Intel Mac OS X 10_15_7) AppleWebKit/537.36 (KHTML, like Gecko) Chrome/90.0.4430.93 Safari/537.36"
::1 - - [Wed, 12 May 2021 07:17:52 GMT] "POST /likes/toggle?id=60956ab14a008024d6c407c8&type=Comment HTTP/1.1" 200 56 "http://localhost:8001/" "Mozilla/5.0 (Macintosh; Intel Mac OS X 10_15_7) AppleWebKit/537.36 (KHTML, like Gecko) Chrome/90.0.4430.93 Safari/537.36"
::1 - - [Wed, 12 May 2021 07:17:52 GMT] "POST /likes/toggle?id=60956ab14a008024d6c407c8&type=Comment HTTP/1.1" 200 57 "http://localhost:8001/" "Mozilla/5.0 (Macintosh; Intel Mac OS X 10_15_7) AppleWebKit/537.36 (KHTML, like Gecko) Chrome/90.0.4430.93 Safari/537.36"
::1 - - [Wed, 12 May 2021 07:17:52 GMT] "POST /likes/toggle?id=60956ab14a008024d6c407c8&type=Comment HTTP/1.1" 200 56 "http://localhost:8001/" "Mozilla/5.0 (Macintosh; Intel Mac OS X 10_15_7) AppleWebKit/537.36 (KHTML, like Gecko) Chrome/90.0.4430.93 Safari/537.36"
::1 - - [Wed, 12 May 2021 07:17:52 GMT] "POST /likes/toggle?id=60956ab14a008024d6c407c8&type=Comment HTTP/1.1" 200 57 "http://localhost:8001/" "Mozilla/5.0 (Macintosh; Intel Mac OS X 10_15_7) AppleWebKit/537.36 (KHTML, like Gecko) Chrome/90.0.4430.93 Safari/537.36"
::1 - - [Wed, 12 May 2021 07:17:52 GMT] "POST /likes/toggle?id=60956ab14a008024d6c407c8&type=Comment HTTP/1.1" 200 56 "http://localhost:8001/" "Mozilla/5.0 (Macintosh; Intel Mac OS X 10_15_7) AppleWebKit/537.36 (KHTML, like Gecko) Chrome/90.0.4430.93 Safari/537.36"
::1 - - [Wed, 12 May 2021 07:17:53 GMT] "POST /likes/toggle?id=60956ab14a008024d6c407c8&type=Comment HTTP/1.1" 200 57 "http://localhost:8001/" "Mozilla/5.0 (Macintosh; Intel Mac OS X 10_15_7) AppleWebKit/537.36 (KHTML, like Gecko) Chrome/90.0.4430.93 Safari/537.36"
::1 - - [Wed, 12 May 2021 07:17:54 GMT] "GET /comments/destroy/60956a924a008024d6c407c6 HTTP/1.1" 200 75 "http://localhost:8001/" "Mozilla/5.0 (Macintosh; Intel Mac OS X 10_15_7) AppleWebKit/537.36 (KHTML, like Gecko) Chrome/90.0.4430.93 Safari/537.36"
